Apr 11, 2013 8:02:13 PM org.apache.coyote.http11.Http11AprProtocol init
INFO: Initializing Coyote HTTP/1.1 on http-8081
Apr 11, 2013 8:02:13 PM org.apache.coyote.ajp.AjpAprProtocol init
INFO: Initializing Coyote AJP/1.3 on ajp-8009
Apr 11, 2013 8:02:13 PM org.apache.catalina.startup.Catalina load
INFO: Initialization processed in 3041 ms
Apr 11, 2013 8:02:13 PM org.apache.catalina.core.StandardService start
INFO: Starting service Catalina
Apr 11, 2013 8:02:13 PM org.apache.catalina.core.StandardEngine start
INFO: Starting Servlet Engine: Apache Tomcat/5.5.25
Apr 11, 2013 8:02:13 PM org.apache.catalina.core.StandardHost start
INFO: XML validation disabled
Apr 11, 2013 8:02:16 PM org.apache.coyote.http11.Http11AprProtocol start
INFO: Starting Coyote HTTP/1.1 on http-8081
Apr 11, 2013 8:02:16 PM org.apache.coyote.ajp.AjpAprProtocol start
INFO: Starting Coyote AJP/1.3 on ajp-8009
Apr 11, 2013 8:02:16 PM org.apache.catalina.storeconfig.StoreLoader load
INFO: Find registry server-registry.xml at classpath resource
Apr 11, 2013 8:02:16 PM org.apache.catalina.startup.Catalina start
INFO: Server startup in 3319 ms
